Build started 2016/07/15 21:10:00.
     1>Project "C:\Users\yuni\HAL\GQ\05オリジナルプログラム\coming\coming.vcxproj" on node 2 (Build target(s)).
     1>ClCompile:
         C:\Program Files (x86)\Microsoft Visual Studio 12.0\VC\bin\CL.exe /c /ZI /nologo /W3 /WX- /sdl /Od /Oy- /D WIN32 /D _DEBUG /D _WINDOWS /D _MBCS /Gm /EHsc /RTC1 /MTd /GS /fp:precise /Zc:wchar_t /Zc:forScope /Fo"Debug\\" /Fd"Debug\vc120.pdb" /Gd /TP /analyze- /errorReport:prompt src\God.cpp src\WinMain.cpp
         God.cpp
     1>c:\users\yuni\hal\gq\05オリジナルプログラム\coming\src\god.cpp(38): error C2660: 'ProjectName::God::judge' : function does not take 1 arguments
         Generating Code...
         Compiling...
         WinMain.cpp
         Generating Code...
     1>Done Building Project "C:\Users\yuni\HAL\GQ\05オリジナルプログラム\coming\coming.vcxproj" (Build target(s)) -- FAILED.

Build FAILED.

Time Elapsed 00:00:09.52
